{"C:\\Users\\Jakub\\Desktop\\IT\\workspace\\pie-chart\\resources\\js\\bootstrap.ts": {"path":"C:\\Users\\Jakub\\Desktop\\IT\\workspace\\pie-chart\\resources\\js\\bootstrap.ts","statementMap":{"0":{"start":{"line":1,"column":0},"end":{"line":1,"column":26}},"1":{"start":{"line":2,"column":0},"end":{"line":2,"column":21}},"2":{"start":{"line":4,"column":0},"end":{"line":4,"column":76}}},"fnMap":{},"branchMap":{},"s":{"0":0,"1":0,"2":0},"f":{},"b":{}}
,"C:\\Users\\Jakub\\Desktop\\IT\\workspace\\pie-chart\\resources\\js\\fileMock.js": {"path":"C:\\Users\\Jakub\\Desktop\\IT\\workspace\\pie-chart\\resources\\js\\fileMock.js","statementMap":{"0":{"start":{"line":1,"column":0},"end":{"line":1,"column":34}}},"fnMap":{},"branchMap":{},"s":{"0":0},"f":{},"b":{},"inputSourceMap":null}
,"C:\\Users\\Jakub\\Desktop\\IT\\workspace\\pie-chart\\resources\\js\\Components\\ApplicationLogo.tsx": {"path":"C:\\Users\\Jakub\\Desktop\\IT\\workspace\\pie-chart\\resources\\js\\Components\\ApplicationLogo.tsx","statementMap":{"0":{"start":{"line":3,"column":0},"end":{"line":3,"column":24}},"1":{"start":{"line":4,"column":4},"end":{"line":12,"column":6}}},"fnMap":{"0":{"name":"ApplicationLogo","decl":{"start":{"line":3,"column":24},"end":{"line":3,"column":39}},"loc":{"start":{"line":3,"column":72},"end":{"line":13,"column":1}}}},"branchMap":{},"s":{"0":0,"1":0},"f":{"0":0},"b":{}}
,"C:\\Users\\Jakub\\Desktop\\IT\\workspace\\pie-chart\\resources\\js\\Components\\Checkbox.tsx": {"path":"C:\\Users\\Jakub\\Desktop\\IT\\workspace\\pie-chart\\resources\\js\\Components\\Checkbox.tsx","statementMap":{"0":{"start":{"line":3,"column":0},"end":{"line":3,"column":24}},"1":{"start":{"line":7,"column":4},"end":{"line":16,"column":6}}},"fnMap":{"0":{"name":"Checkbox","decl":{"start":{"line":3,"column":24},"end":{"line":3,"column":32}},"loc":{"start":{"line":6,"column":40},"end":{"line":17,"column":1}}}},"branchMap":{"0":{"loc":{"start":{"line":4,"column":4},"end":{"line":4,"column":18}},"type":"default-arg","locations":[{"start":{"line":4,"column":16},"end":{"line":4,"column":18}}]}},"s":{"0":0,"1":0},"f":{"0":0},"b":{"0":[0]}}
,"C:\\Users\\Jakub\\Desktop\\IT\\workspace\\pie-chart\\resources\\js\\Components\\DangerButton.tsx": {"path":"C:\\Users\\Jakub\\Desktop\\IT\\workspace\\pie-chart\\resources\\js\\Components\\DangerButton.tsx","statementMap":{"0":{"start":{"line":3,"column":0},"end":{"line":3,"column":24}},"1":{"start":{"line":9,"column":4},"end":{"line":21,"column":6}}},"fnMap":{"0":{"name":"DangerButton","decl":{"start":{"line":3,"column":24},"end":{"line":3,"column":36}},"loc":{"start":{"line":8,"column":42},"end":{"line":22,"column":1}}}},"branchMap":{"0":{"loc":{"start":{"line":4,"column":4},"end":{"line":4,"column":18}},"type":"default-arg","locations":[{"start":{"line":4,"column":16},"end":{"line":4,"column":18}}]},"1":{"loc":{"start":{"line":14,"column":20},"end":{"line":14,"column":null}},"type":"binary-expr","locations":[{"start":{"line":14,"column":20},"end":{"line":14,"column":28}},{"start":{"line":14,"column":32},"end":{"line":14,"column":null}}]}},"s":{"0":0,"1":0},"f":{"0":0},"b":{"0":[0],"1":[0,0]}}
,"C:\\Users\\Jakub\\Desktop\\IT\\workspace\\pie-chart\\resources\\js\\Components\\Dropdown.tsx": {"path":"C:\\Users\\Jakub\\Desktop\\IT\\workspace\\pie-chart\\resources\\js\\Components\\Dropdown.tsx","statementMap":{"0":{"start":{"line":1,"column":0},"end":{"line":1,"column":47}},"1":{"start":{"line":2,"column":0},"end":{"line":2,"column":58}},"2":{"start":{"line":3,"column":0},"end":{"line":3,"column":null}},"3":{"start":{"line":12,"column":24},"end":{"line":20,"column":2}},"4":{"start":{"line":22,"column":17},"end":{"line":34,"column":1}},"5":{"start":{"line":23,"column":28},"end":{"line":23,"column":43}},"6":{"start":{"line":25,"column":23},"end":{"line":27,"column":5}},"7":{"start":{"line":26,"column":8},"end":{"line":26,"column":51}},"8":{"start":{"line":26,"column":35},"end":{"line":26,"column":49}},"9":{"start":{"line":29,"column":4},"end":{"line":33,"column":6}},"10":{"start":{"line":36,"column":16},"end":{"line":51,"column":1}},"11":{"start":{"line":37,"column":42},"end":{"line":37,"column":69}},"12":{"start":{"line":39,"column":4},"end":{"line":50,"column":6}},"13":{"start":{"line":46,"column":35},"end":{"line":46,"column":49}},"14":{"start":{"line":53,"column":16},"end":{"line":106,"column":1}},"15":{"start":{"line":63,"column":30},"end":{"line":63,"column":57}},"16":{"start":{"line":65,"column":27},"end":{"line":65,"column":39}},"17":{"start":{"line":67,"column":4},"end":{"line":71,"column":5}},"18":{"start":{"line":68,"column":8},"end":{"line":68,"column":78}},"19":{"start":{"line":69,"column":11},"end":{"line":71,"column":5}},"20":{"start":{"line":70,"column":8},"end":{"line":70,"column":76}},"21":{"start":{"line":73,"column":23},"end":{"line":73,"column":25}},"22":{"start":{"line":75,"column":4},"end":{"line":77,"column":5}},"23":{"start":{"line":76,"column":8},"end":{"line":76,"column":30}},"24":{"start":{"line":79,"column":4},"end":{"line":105,"column":6}},"25":{"start":{"line":92,"column":35},"end":{"line":92,"column":49}},"26":{"start":{"line":108,"column":21},"end":{"line":124,"column":1}},"27":{"start":{"line":113,"column":4},"end":{"line":123,"column":6}},"28":{"start":{"line":126,"column":0},"end":{"line":126,"column":27}},"29":{"start":{"line":127,"column":0},"end":{"line":127,"column":27}},"30":{"start":{"line":128,"column":0},"end":{"line":128,"column":29}},"31":{"start":{"line":130,"column":0},"end":{"line":130,"column":24}}},"fnMap":{"0":{"name":"(anonymous_0)","decl":{"start":{"line":18,"column":13},"end":{"line":18,"column":16}},"loc":{"start":{"line":18,"column":18},"end":{"line":18,"column":21}}},"1":{"name":"(anonymous_1)","decl":{"start":{"line":19,"column":16},"end":{"line":19,"column":19}},"loc":{"start":{"line":19,"column":21},"end":{"line":19,"column":24}}},"2":{"name":"(anonymous_2)","decl":{"start":{"line":22,"column":17},"end":{"line":22,"column":18}},"loc":{"start":{"line":22,"column":53},"end":{"line":34,"column":1}}},"3":{"name":"(anonymous_3)","decl":{"start":{"line":25,"column":23},"end":{"line":25,"column":26}},"loc":{"start":{"line":25,"column":28},"end":{"line":27,"column":5}}},"4":{"name":"(anonymous_4)","decl":{"start":{"line":26,"column":16},"end":{"line":26,"column":17}},"loc":{"start":{"line":26,"column":35},"end":{"line":26,"column":49}}},"5":{"name":"(anonymous_5)","decl":{"start":{"line":36,"column":16},"end":{"line":36,"column":17}},"loc":{"start":{"line":36,"column":52},"end":{"line":51,"column":1}}},"6":{"name":"(anonymous_6)","decl":{"start":{"line":46,"column":29},"end":{"line":46,"column":32}},"loc":{"start":{"line":46,"column":35},"end":{"line":46,"column":49}}},"7":{"name":"(anonymous_7)","decl":{"start":{"line":53,"column":16},"end":{"line":53,"column":17}},"loc":{"start":{"line":62,"column":6},"end":{"line":106,"column":1}}},"8":{"name":"(anonymous_8)","decl":{"start":{"line":92,"column":29},"end":{"line":92,"column":32}},"loc":{"start":{"line":92,"column":35},"end":{"line":92,"column":49}}},"9":{"name":"(anonymous_9)","decl":{"start":{"line":108,"column":21},"end":{"line":108,"column":22}},"loc":{"start":{"line":112,"column":23},"end":{"line":124,"column":1}}}},"branchMap":{"0":{"loc":{"start":{"line":43,"column":13},"end":{"line":47,"column":null}},"type":"binary-expr","locations":[{"start":{"line":43,"column":13},"end":{"line":43,"column":17}},{"start":{"line":44,"column":16},"end":{"line":46,"column":null}}]},"1":{"loc":{"start":{"line":54,"column":4},"end":{"line":54,"column":19}},"type":"default-arg","locations":[{"start":{"line":54,"column":12},"end":{"line":54,"column":19}}]},"2":{"loc":{"start":{"line":55,"column":4},"end":{"line":55,"column":16}},"type":"default-arg","locations":[{"start":{"line":55,"column":12},"end":{"line":55,"column":16}}]},"3":{"loc":{"start":{"line":56,"column":4},"end":{"line":56,"column":36}},"type":"default-arg","locations":[{"start":{"line":56,"column":21},"end":{"line":56,"column":36}}]},"4":{"loc":{"start":{"line":67,"column":4},"end":{"line":71,"column":5}},"type":"if","locations":[{"start":{"line":67,"column":4},"end":{"line":71,"column":5}},{"start":{"line":69,"column":11},"end":{"line":71,"column":5}}]},"5":{"loc":{"start":{"line":69,"column":11},"end":{"line":71,"column":5}},"type":"if","locations":[{"start":{"line":69,"column":11},"end":{"line":71,"column":5}}]},"6":{"loc":{"start":{"line":75,"column":4},"end":{"line":77,"column":5}},"type":"if","locations":[{"start":{"line":75,"column":4},"end":{"line":77,"column":5}}]},"7":{"loc":{"start":{"line":109,"column":4},"end":{"line":109,"column":18}},"type":"default-arg","locations":[{"start":{"line":109,"column":16},"end":{"line":109,"column":18}}]}},"s":{"0":0,"1":0,"2":0,"3":0,"4":0,"5":0,"6":0,"7":0,"8":0,"9":0,"10":0,"11":0,"12":0,"13":0,"14":0,"15":0,"16":0,"17":0,"18":0,"19":0,"20":0,"21":0,"22":0,"23":0,"24":0,"25":0,"26":0,"27":0,"28":0,"29":0,"30":0,"31":0},"f":{"0":0,"1":0,"2":0,"3":0,"4":0,"5":0,"6":0,"7":0,"8":0,"9":0},"b":{"0":[0,0],"1":[0],"2":[0],"3":[0],"4":[0,0],"5":[0],"6":[0],"7":[0]}}
,"C:\\Users\\Jakub\\Desktop\\IT\\workspace\\pie-chart\\resources\\js\\Components\\InputError.tsx": {"path":"C:\\Users\\Jakub\\Desktop\\IT\\workspace\\pie-chart\\resources\\js\\Components\\InputError.tsx","statementMap":{"0":{"start":{"line":3,"column":0},"end":{"line":3,"column":24}},"1":{"start":{"line":8,"column":4},"end":{"line":15,"column":13}}},"fnMap":{"0":{"name":"InputError","decl":{"start":{"line":3,"column":24},"end":{"line":3,"column":34}},"loc":{"start":{"line":7,"column":62},"end":{"line":16,"column":1}}}},"branchMap":{"0":{"loc":{"start":{"line":5,"column":4},"end":{"line":5,"column":18}},"type":"default-arg","locations":[{"start":{"line":5,"column":16},"end":{"line":5,"column":18}}]},"1":{"loc":{"start":{"line":8,"column":11},"end":{"line":15,"column":12}},"type":"cond-expr","locations":[{"start":{"line":9,"column":8},"end":{"line":13,"column":null}},{"start":{"line":15,"column":8},"end":{"line":15,"column":12}}]}},"s":{"0":0,"1":0},"f":{"0":0},"b":{"0":[0],"1":[0,0]}}
,"C:\\Users\\Jakub\\Desktop\\IT\\workspace\\pie-chart\\resources\\js\\Components\\InputLabel.tsx": {"path":"C:\\Users\\Jakub\\Desktop\\IT\\workspace\\pie-chart\\resources\\js\\Components\\InputLabel.tsx","statementMap":{"0":{"start":{"line":3,"column":0},"end":{"line":3,"column":24}},"1":{"start":{"line":9,"column":4},"end":{"line":19,"column":6}}},"fnMap":{"0":{"name":"InputLabel","decl":{"start":{"line":3,"column":24},"end":{"line":3,"column":34}},"loc":{"start":{"line":8,"column":61},"end":{"line":20,"column":1}}}},"branchMap":{"0":{"loc":{"start":{"line":5,"column":4},"end":{"line":5,"column":18}},"type":"default-arg","locations":[{"start":{"line":5,"column":16},"end":{"line":5,"column":18}}]},"1":{"loc":{"start":{"line":17,"column":13},"end":{"line":17,"column":37}},"type":"cond-expr","locations":[{"start":{"line":17,"column":21},"end":{"line":17,"column":26}},{"start":{"line":17,"column":29},"end":{"line":17,"column":37}}]}},"s":{"0":0,"1":0},"f":{"0":0},"b":{"0":[0],"1":[0,0]}}
,"C:\\Users\\Jakub\\Desktop\\IT\\workspace\\pie-chart\\resources\\js\\Components\\Modal.tsx": {"path":"C:\\Users\\Jakub\\Desktop\\IT\\workspace\\pie-chart\\resources\\js\\Components\\Modal.tsx","statementMap":{"0":{"start":{"line":9,"column":0},"end":{"line":9,"column":24}},"1":{"start":{"line":1,"column":0},"end":{"line":1,"column":null}},"2":{"start":{"line":21,"column":18},"end":{"line":25,"column":5}},"3":{"start":{"line":22,"column":8},"end":{"line":24,"column":9}},"4":{"start":{"line":23,"column":12},"end":{"line":23,"column":22}},"5":{"start":{"line":27,"column":26},"end":{"line":33,"column":15}},"6":{"start":{"line":35,"column":4},"end":{"line":70,"column":6}}},"fnMap":{"0":{"name":"Modal","decl":{"start":{"line":9,"column":24},"end":{"line":9,"column":29}},"loc":{"start":{"line":20,"column":2},"end":{"line":71,"column":1}}},"1":{"name":"(anonymous_1)","decl":{"start":{"line":14,"column":14},"end":{"line":14,"column":17}},"loc":{"start":{"line":14,"column":19},"end":{"line":14,"column":22}}},"2":{"name":"(anonymous_2)","decl":{"start":{"line":21,"column":18},"end":{"line":21,"column":21}},"loc":{"start":{"line":21,"column":23},"end":{"line":25,"column":5}}}},"branchMap":{"0":{"loc":{"start":{"line":11,"column":4},"end":{"line":11,"column":16}},"type":"default-arg","locations":[{"start":{"line":11,"column":11},"end":{"line":11,"column":16}}]},"1":{"loc":{"start":{"line":12,"column":4},"end":{"line":12,"column":20}},"type":"default-arg","locations":[{"start":{"line":12,"column":15},"end":{"line":12,"column":20}}]},"2":{"loc":{"start":{"line":13,"column":4},"end":{"line":13,"column":20}},"type":"default-arg","locations":[{"start":{"line":13,"column":16},"end":{"line":13,"column":20}}]},"3":{"loc":{"start":{"line":14,"column":4},"end":{"line":14,"column":22}},"type":"default-arg","locations":[{"start":{"line":14,"column":14},"end":{"line":14,"column":22}}]},"4":{"loc":{"start":{"line":22,"column":8},"end":{"line":24,"column":9}},"type":"if","locations":[{"start":{"line":22,"column":8},"end":{"line":24,"column":9}}]}},"s":{"0":0,"1":0,"2":0,"3":0,"4":0,"5":0,"6":0},"f":{"0":0,"1":0,"2":0},"b":{"0":[0],"1":[0],"2":[0],"3":[0],"4":[0]}}
,"C:\\Users\\Jakub\\Desktop\\IT\\workspace\\pie-chart\\resources\\js\\Components\\NavLink.tsx": {"path":"C:\\Users\\Jakub\\Desktop\\IT\\workspace\\pie-chart\\resources\\js\\Components\\NavLink.tsx","statementMap":{"0":{"start":{"line":3,"column":0},"end":{"line":3,"column":24}},"1":{"start":{"line":1,"column":0},"end":{"line":1,"column":58}},"2":{"start":{"line":9,"column":4},"end":{"line":22,"column":6}}},"fnMap":{"0":{"name":"NavLink","decl":{"start":{"line":3,"column":24},"end":{"line":3,"column":31}},"loc":{"start":{"line":8,"column":41},"end":{"line":23,"column":1}}}},"branchMap":{"0":{"loc":{"start":{"line":4,"column":4},"end":{"line":4,"column":18}},"type":"default-arg","locations":[{"start":{"line":4,"column":13},"end":{"line":4,"column":18}}]},"1":{"loc":{"start":{"line":5,"column":4},"end":{"line":5,"column":18}},"type":"default-arg","locations":[{"start":{"line":5,"column":16},"end":{"line":5,"column":18}}]},"2":{"loc":{"start":{"line":14,"column":17},"end":{"line":16,"column":140}},"type":"cond-expr","locations":[{"start":{"line":15,"column":22},"end":{"line":15,"column":79}},{"start":{"line":16,"column":22},"end":{"line":16,"column":140}}]}},"s":{"0":0,"1":0,"2":0},"f":{"0":0},"b":{"0":[0],"1":[0],"2":[0,0]}}
,"C:\\Users\\Jakub\\Desktop\\IT\\workspace\\pie-chart\\resources\\js\\Components\\PrimaryButton.tsx": {"path":"C:\\Users\\Jakub\\Desktop\\IT\\workspace\\pie-chart\\resources\\js\\Components\\PrimaryButton.tsx","statementMap":{"0":{"start":{"line":3,"column":0},"end":{"line":3,"column":24}},"1":{"start":{"line":9,"column":4},"end":{"line":21,"column":6}}},"fnMap":{"0":{"name":"PrimaryButton","decl":{"start":{"line":3,"column":24},"end":{"line":3,"column":37}},"loc":{"start":{"line":8,"column":42},"end":{"line":22,"column":1}}}},"branchMap":{"0":{"loc":{"start":{"line":4,"column":4},"end":{"line":4,"column":18}},"type":"default-arg","locations":[{"start":{"line":4,"column":16},"end":{"line":4,"column":18}}]},"1":{"loc":{"start":{"line":14,"column":24},"end":{"line":14,"column":null}},"type":"binary-expr","locations":[{"start":{"line":14,"column":24},"end":{"line":14,"column":32}},{"start":{"line":14,"column":36},"end":{"line":14,"column":null}}]}},"s":{"0":0,"1":0},"f":{"0":0},"b":{"0":[0],"1":[0,0]}}
,"C:\\Users\\Jakub\\Desktop\\IT\\workspace\\pie-chart\\resources\\js\\Components\\ResponsiveNavLink.tsx": {"path":"C:\\Users\\Jakub\\Desktop\\IT\\workspace\\pie-chart\\resources\\js\\Components\\ResponsiveNavLink.tsx","statementMap":{"0":{"start":{"line":3,"column":0},"end":{"line":3,"column":24}},"1":{"start":{"line":1,"column":0},"end":{"line":1,"column":58}},"2":{"start":{"line":9,"column":4},"end":{"line":20,"column":6}}},"fnMap":{"0":{"name":"ResponsiveNavLink","decl":{"start":{"line":3,"column":24},"end":{"line":3,"column":41}},"loc":{"start":{"line":8,"column":42},"end":{"line":21,"column":1}}}},"branchMap":{"0":{"loc":{"start":{"line":4,"column":4},"end":{"line":4,"column":18}},"type":"default-arg","locations":[{"start":{"line":4,"column":13},"end":{"line":4,"column":18}}]},"1":{"loc":{"start":{"line":5,"column":4},"end":{"line":5,"column":18}},"type":"default-arg","locations":[{"start":{"line":5,"column":16},"end":{"line":5,"column":18}}]},"2":{"loc":{"start":{"line":13,"column":16},"end":{"line":15,"column":null}},"type":"cond-expr","locations":[{"start":{"line":14,"column":22},"end":{"line":14,"column":136}},{"start":{"line":15,"column":22},"end":{"line":15,"column":null}}]}},"s":{"0":0,"1":0,"2":0},"f":{"0":0},"b":{"0":[0],"1":[0],"2":[0,0]}}
,"C:\\Users\\Jakub\\Desktop\\IT\\workspace\\pie-chart\\resources\\js\\Components\\SecondaryButton.tsx": {"path":"C:\\Users\\Jakub\\Desktop\\IT\\workspace\\pie-chart\\resources\\js\\Components\\SecondaryButton.tsx","statementMap":{"0":{"start":{"line":3,"column":0},"end":{"line":3,"column":24}},"1":{"start":{"line":10,"column":4},"end":{"line":23,"column":6}}},"fnMap":{"0":{"name":"SecondaryButton","decl":{"start":{"line":3,"column":24},"end":{"line":3,"column":39}},"loc":{"start":{"line":9,"column":42},"end":{"line":24,"column":1}}}},"branchMap":{"0":{"loc":{"start":{"line":4,"column":4},"end":{"line":4,"column":19}},"type":"default-arg","locations":[{"start":{"line":4,"column":11},"end":{"line":4,"column":19}}]},"1":{"loc":{"start":{"line":5,"column":4},"end":{"line":5,"column":18}},"type":"default-arg","locations":[{"start":{"line":5,"column":16},"end":{"line":5,"column":18}}]},"2":{"loc":{"start":{"line":16,"column":20},"end":{"line":16,"column":null}},"type":"binary-expr","locations":[{"start":{"line":16,"column":20},"end":{"line":16,"column":28}},{"start":{"line":16,"column":32},"end":{"line":16,"column":null}}]}},"s":{"0":0,"1":0},"f":{"0":0},"b":{"0":[0],"1":[0],"2":[0,0]}}
,"C:\\Users\\Jakub\\Desktop\\IT\\workspace\\pie-chart\\resources\\js\\Components\\TextInput.tsx": {"path":"C:\\Users\\Jakub\\Desktop\\IT\\workspace\\pie-chart\\resources\\js\\Components\\TextInput.tsx","statementMap":{"0":{"start":{"line":1,"column":0},"end":{"line":1,"column":null}},"1":{"start":{"line":9,"column":0},"end":{"line":41,"column":3}},"2":{"start":{"line":18,"column":21},"end":{"line":18,"column":51}},"3":{"start":{"line":20,"column":4},"end":{"line":22,"column":8}},"4":{"start":{"line":20,"column":36},"end":{"line":22,"column":6}},"5":{"start":{"line":21,"column":21},"end":{"line":21,"column":46}},"6":{"start":{"line":24,"column":4},"end":{"line":28,"column":20}},"7":{"start":{"line":25,"column":8},"end":{"line":27,"column":9}},"8":{"start":{"line":26,"column":12},"end":{"line":26,"column":38}},"9":{"start":{"line":30,"column":4},"end":{"line":40,"column":6}}},"fnMap":{"0":{"name":"TextInput","decl":{"start":{"line":9,"column":35},"end":{"line":9,"column":44}},"loc":{"start":{"line":16,"column":7},"end":{"line":41,"column":1}}},"1":{"name":"(anonymous_1)","decl":{"start":{"line":20,"column":29},"end":{"line":20,"column":32}},"loc":{"start":{"line":20,"column":36},"end":{"line":22,"column":6}}},"2":{"name":"(anonymous_2)","decl":{"start":{"line":21,"column":15},"end":{"line":21,"column":18}},"loc":{"start":{"line":21,"column":21},"end":{"line":21,"column":46}}},"3":{"name":"(anonymous_3)","decl":{"start":{"line":24,"column":14},"end":{"line":24,"column":17}},"loc":{"start":{"line":24,"column":19},"end":{"line":28,"column":5}}}},"branchMap":{"0":{"loc":{"start":{"line":11,"column":8},"end":{"line":11,"column":21}},"type":"default-arg","locations":[{"start":{"line":11,"column":15},"end":{"line":11,"column":21}}]},"1":{"loc":{"start":{"line":12,"column":8},"end":{"line":12,"column":22}},"type":"default-arg","locations":[{"start":{"line":12,"column":20},"end":{"line":12,"column":22}}]},"2":{"loc":{"start":{"line":13,"column":8},"end":{"line":13,"column":25}},"type":"default-arg","locations":[{"start":{"line":13,"column":20},"end":{"line":13,"column":25}}]},"3":{"loc":{"start":{"line":25,"column":8},"end":{"line":27,"column":9}},"type":"if","locations":[{"start":{"line":25,"column":8},"end":{"line":27,"column":9}}]}},"s":{"0":0,"1":0,"2":0,"3":0,"4":0,"5":0,"6":0,"7":0,"8":0,"9":0},"f":{"0":0,"1":0,"2":0,"3":0},"b":{"0":[0],"1":[0],"2":[0],"3":[0]}}
,"C:\\Users\\Jakub\\Desktop\\IT\\workspace\\pie-chart\\resources\\js\\Layouts\\AuthenticatedLayout.tsx": {"path":"C:\\Users\\Jakub\\Desktop\\IT\\workspace\\pie-chart\\resources\\js\\Layouts\\AuthenticatedLayout.tsx","statementMap":{"0":{"start":{"line":8,"column":0},"end":{"line":8,"column":24}},"1":{"start":{"line":1,"column":0},"end":{"line":1,"column":59}},"2":{"start":{"line":2,"column":0},"end":{"line":2,"column":45}},"3":{"start":{"line":3,"column":0},"end":{"line":3,"column":43}},"4":{"start":{"line":4,"column":0},"end":{"line":4,"column":63}},"5":{"start":{"line":5,"column":0},"end":{"line":5,"column":49}},"6":{"start":{"line":6,"column":0},"end":{"line":6,"column":63}},"7":{"start":{"line":12,"column":17},"end":{"line":12,"column":42}},"8":{"start":{"line":15,"column":8},"end":{"line":15,"column":23}},"9":{"start":{"line":17,"column":4},"end":{"line":178,"column":6}},"10":{"start":{"line":87,"column":36},"end":{"line":88,"column":null}},"11":{"start":{"line":88,"column":59},"end":{"line":88,"column":73}}},"fnMap":{"0":{"name":"Authenticated","decl":{"start":{"line":8,"column":24},"end":{"line":8,"column":37}},"loc":{"start":{"line":11,"column":44},"end":{"line":179,"column":1}}},"1":{"name":"(anonymous_2)","decl":{"start":{"line":86,"column":41},"end":{"line":86,"column":44}},"loc":{"start":{"line":87,"column":36},"end":{"line":88,"column":null}}},"2":{"name":"(anonymous_3)","decl":{"start":{"line":88,"column":40},"end":{"line":88,"column":41}},"loc":{"start":{"line":88,"column":59},"end":{"line":88,"column":73}}}},"branchMap":{"0":{"loc":{"start":{"line":101,"column":44},"end":{"line":103,"column":58}},"type":"cond-expr","locations":[{"start":{"line":102,"column":50},"end":{"line":102,"column":63}},{"start":{"line":103,"column":50},"end":{"line":103,"column":58}}]},"1":{"loc":{"start":{"line":112,"column":44},"end":{"line":114,"column":58}},"type":"cond-expr","locations":[{"start":{"line":113,"column":50},"end":{"line":113,"column":63}},{"start":{"line":114,"column":50},"end":{"line":114,"column":58}}]},"2":{"loc":{"start":{"line":129,"column":25},"end":{"line":129,"column":71}},"type":"cond-expr","locations":[{"start":{"line":129,"column":53},"end":{"line":129,"column":60}},{"start":{"line":129,"column":63},"end":{"line":129,"column":71}}]},"3":{"loc":{"start":{"line":168,"column":13},"end":{"line":173,"column":null}},"type":"binary-expr","locations":[{"start":{"line":168,"column":13},"end":{"line":168,"column":19}},{"start":{"line":169,"column":16},"end":{"line":172,"column":null}}]}},"s":{"0":0,"1":0,"2":0,"3":0,"4":0,"5":0,"6":0,"7":0,"8":0,"9":0,"10":0,"11":0},"f":{"0":0,"1":0,"2":0},"b":{"0":[0,0],"1":[0,0],"2":[0,0],"3":[0,0]}}
,"C:\\Users\\Jakub\\Desktop\\IT\\workspace\\pie-chart\\resources\\js\\Layouts\\GuestLayout.tsx": {"path":"C:\\Users\\Jakub\\Desktop\\IT\\workspace\\pie-chart\\resources\\js\\Layouts\\GuestLayout.tsx","statementMap":{"0":{"start":{"line":5,"column":0},"end":{"line":5,"column":24}},"1":{"start":{"line":1,"column":0},"end":{"line":1,"column":59}},"2":{"start":{"line":2,"column":0},"end":{"line":2,"column":40}},"3":{"start":{"line":6,"column":4},"end":{"line":18,"column":6}}},"fnMap":{"0":{"name":"Guest","decl":{"start":{"line":5,"column":24},"end":{"line":5,"column":29}},"loc":{"start":{"line":5,"column":61},"end":{"line":19,"column":1}}}},"branchMap":{},"s":{"0":0,"1":0,"2":0,"3":0},"f":{"0":0},"b":{}}
,"C:\\Users\\Jakub\\Desktop\\IT\\workspace\\pie-chart\\resources\\js\\Pages\\CreateChannel.tsx": {"path":"C:\\Users\\Jakub\\Desktop\\IT\\workspace\\pie-chart\\resources\\js\\Pages\\CreateChannel.tsx","statementMap":{"0":{"start":{"line":22,"column":0},"end":{"line":22,"column":24}},"1":{"start":{"line":2,"column":0},"end":{"line":2,"column":41}},"2":{"start":{"line":14,"column":4},"end":{"line":19,"column":null}},"3":{"start":{"line":17,"column":123},"end":{"line":17,"column":161}},"4":{"start":{"line":23,"column":44},"end":{"line":26,"column":6}},"5":{"start":{"line":29,"column":8},"end":{"line":29,"column":38}},"6":{"start":{"line":31,"column":8},"end":{"line":31,"column":23}},"7":{"start":{"line":32,"column":8},"end":{"line":32,"column":24}},"8":{"start":{"line":35,"column":4},"end":{"line":45,"column":6}}},"fnMap":{"0":{"name":"LabelInput","decl":{"start":{"line":13,"column":9},"end":{"line":13,"column":19}},"loc":{"start":{"line":13,"column":36},"end":{"line":20,"column":1}}},"1":{"name":"(anonymous_1)","decl":{"start":{"line":17,"column":85},"end":{"line":17,"column":86}},"loc":{"start":{"line":17,"column":123},"end":{"line":17,"column":161}}},"2":{"name":"CreateChannel","decl":{"start":{"line":22,"column":24},"end":{"line":22,"column":37}},"loc":{"start":{"line":22,"column":37},"end":{"line":46,"column":1}}},"3":{"name":"handleSubmit","decl":{"start":{"line":28,"column":13},"end":{"line":28,"column":25}},"loc":{"start":{"line":28,"column":55},"end":{"line":33,"column":5}}}},"branchMap":{"0":{"loc":{"start":{"line":37,"column":13},"end":{"line":37,"column":45}},"type":"binary-expr","locations":[{"start":{"line":37,"column":13},"end":{"line":37,"column":19}},{"start":{"line":37,"column":23},"end":{"line":37,"column":45}}]}},"s":{"0":0,"1":0,"2":0,"3":0,"4":0,"5":0,"6":0,"7":0,"8":0},"f":{"0":0,"1":0,"2":0,"3":0},"b":{"0":[0,0]}}
,"C:\\Users\\Jakub\\Desktop\\IT\\workspace\\pie-chart\\resources\\js\\Pages\\Dashboard.tsx": {"path":"C:\\Users\\Jakub\\Desktop\\IT\\workspace\\pie-chart\\resources\\js\\Pages\\Dashboard.tsx","statementMap":{"0":{"start":{"line":5,"column":0},"end":{"line":5,"column":24}},"1":{"start":{"line":1,"column":0},"end":{"line":1,"column":64}},"2":{"start":{"line":2,"column":0},"end":{"line":2,"column":40}},"3":{"start":{"line":6,"column":4},"end":{"line":27,"column":6}}},"fnMap":{"0":{"name":"Dashboard","decl":{"start":{"line":5,"column":24},"end":{"line":5,"column":33}},"loc":{"start":{"line":5,"column":33},"end":{"line":28,"column":1}}}},"branchMap":{},"s":{"0":0,"1":0,"2":0,"3":0},"f":{"0":0},"b":{}}
,"C:\\Users\\Jakub\\Desktop\\IT\\workspace\\pie-chart\\resources\\js\\Pages\\Welcome.tsx": {"path":"C:\\Users\\Jakub\\Desktop\\IT\\workspace\\pie-chart\\resources\\js\\Pages\\Welcome.tsx","statementMap":{"0":{"start":{"line":4,"column":0},"end":{"line":4,"column":24}},"1":{"start":{"line":2,"column":0},"end":{"line":2,"column":46}},"2":{"start":{"line":9,"column":29},"end":{"line":18,"column":5}},"3":{"start":{"line":10,"column":8},"end":{"line":12,"column":39}},"4":{"start":{"line":13,"column":8},"end":{"line":13,"column":75}},"5":{"start":{"line":14,"column":8},"end":{"line":16,"column":41}},"6":{"start":{"line":17,"column":8},"end":{"line":17,"column":72}},"7":{"start":{"line":20,"column":4},"end":{"line":364,"column":6}}},"fnMap":{"0":{"name":"Welcome","decl":{"start":{"line":4,"column":24},"end":{"line":4,"column":31}},"loc":{"start":{"line":8,"column":60},"end":{"line":365,"column":1}}},"1":{"name":"(anonymous_1)","decl":{"start":{"line":9,"column":29},"end":{"line":9,"column":32}},"loc":{"start":{"line":9,"column":34},"end":{"line":18,"column":5}}}},"branchMap":{"0":{"loc":{"start":{"line":46,"column":33},"end":{"line":67,"column":null}},"type":"cond-expr","locations":[{"start":{"line":47,"column":36},"end":{"line":49,"column":null}},{"start":{"line":54,"column":36},"end":{"line":66,"column":null}}]}},"s":{"0":0,"1":0,"2":0,"3":0,"4":0,"5":0,"6":0,"7":0},"f":{"0":0,"1":0},"b":{"0":[0,0]}}
,"C:\\Users\\Jakub\\Desktop\\IT\\workspace\\pie-chart\\resources\\js\\Pages\\Auth\\ConfirmPassword.tsx": {"path":"C:\\Users\\Jakub\\Desktop\\IT\\workspace\\pie-chart\\resources\\js\\Pages\\Auth\\ConfirmPassword.tsx","statementMap":{"0":{"start":{"line":9,"column":0},"end":{"line":9,"column":24}},"1":{"start":{"line":1,"column":0},"end":{"line":1,"column":49}},"2":{"start":{"line":2,"column":0},"end":{"line":2,"column":49}},"3":{"start":{"line":3,"column":0},"end":{"line":3,"column":55}},"4":{"start":{"line":4,"column":0},"end":{"line":4,"column":47}},"5":{"start":{"line":5,"column":0},"end":{"line":5,"column":48}},"6":{"start":{"line":6,"column":0},"end":{"line":6,"column":49}},"7":{"start":{"line":10,"column":63},"end":{"line":12,"column":6}},"8":{"start":{"line":14,"column":37},"end":{"line":20,"column":5}},"9":{"start":{"line":15,"column":8},"end":{"line":15,"column":27}},"10":{"start":{"line":17,"column":8},"end":{"line":19,"column":11}},"11":{"start":{"line":18,"column":28},"end":{"line":18,"column":45}},"12":{"start":{"line":22,"column":4},"end":{"line":55,"column":6}},"13":{"start":{"line":42,"column":41},"end":{"line":42,"column":76}}},"fnMap":{"0":{"name":"ConfirmPassword","decl":{"start":{"line":9,"column":24},"end":{"line":9,"column":39}},"loc":{"start":{"line":9,"column":39},"end":{"line":56,"column":1}}},"1":{"name":"(anonymous_2)","decl":{"start":{"line":14,"column":37},"end":{"line":14,"column":38}},"loc":{"start":{"line":14,"column":43},"end":{"line":20,"column":5}}},"2":{"name":"(anonymous_3)","decl":{"start":{"line":18,"column":22},"end":{"line":18,"column":25}},"loc":{"start":{"line":18,"column":28},"end":{"line":18,"column":45}}},"3":{"name":"(anonymous_4)","decl":{"start":{"line":42,"column":34},"end":{"line":42,"column":35}},"loc":{"start":{"line":42,"column":41},"end":{"line":42,"column":76}}}},"branchMap":{},"s":{"0":0,"1":0,"2":0,"3":0,"4":0,"5":0,"6":0,"7":0,"8":0,"9":0,"10":0,"11":0,"12":0,"13":0},"f":{"0":0,"1":0,"2":0,"3":0},"b":{}}
,"C:\\Users\\Jakub\\Desktop\\IT\\workspace\\pie-chart\\resources\\js\\Pages\\Auth\\ForgotPassword.tsx": {"path":"C:\\Users\\Jakub\\Desktop\\IT\\workspace\\pie-chart\\resources\\js\\Pages\\Auth\\ForgotPassword.tsx","statementMap":{"0":{"start":{"line":8,"column":0},"end":{"line":8,"column":24}},"1":{"start":{"line":1,"column":0},"end":{"line":1,"column":49}},"2":{"start":{"line":2,"column":0},"end":{"line":2,"column":55}},"3":{"start":{"line":3,"column":0},"end":{"line":3,"column":47}},"4":{"start":{"line":4,"column":0},"end":{"line":4,"column":48}},"5":{"start":{"line":5,"column":0},"end":{"line":5,"column":49}},"6":{"start":{"line":9,"column":56},"end":{"line":11,"column":6}},"7":{"start":{"line":13,"column":37},"end":{"line":17,"column":5}},"8":{"start":{"line":14,"column":8},"end":{"line":14,"column":27}},"9":{"start":{"line":16,"column":8},"end":{"line":16,"column":38}},"10":{"start":{"line":19,"column":4},"end":{"line":55,"column":6}},"11":{"start":{"line":43,"column":37},"end":{"line":43,"column":69}}},"fnMap":{"0":{"name":"ForgotPassword","decl":{"start":{"line":8,"column":24},"end":{"line":8,"column":38}},"loc":{"start":{"line":8,"column":70},"end":{"line":56,"column":1}}},"1":{"name":"(anonymous_2)","decl":{"start":{"line":13,"column":37},"end":{"line":13,"column":38}},"loc":{"start":{"line":13,"column":43},"end":{"line":17,"column":5}}},"2":{"name":"(anonymous_3)","decl":{"start":{"line":43,"column":30},"end":{"line":43,"column":31}},"loc":{"start":{"line":43,"column":37},"end":{"line":43,"column":69}}}},"branchMap":{"0":{"loc":{"start":{"line":29,"column":13},"end":{"line":32,"column":null}},"type":"binary-expr","locations":[{"start":{"line":29,"column":13},"end":{"line":29,"column":19}},{"start":{"line":30,"column":16},"end":{"line":31,"column":null}}]}},"s":{"0":0,"1":0,"2":0,"3":0,"4":0,"5":0,"6":0,"7":0,"8":0,"9":0,"10":0,"11":0},"f":{"0":0,"1":0,"2":0},"b":{"0":[0,0]}}
,"C:\\Users\\Jakub\\Desktop\\IT\\workspace\\pie-chart\\resources\\js\\Pages\\Auth\\Login.tsx": {"path":"C:\\Users\\Jakub\\Desktop\\IT\\workspace\\pie-chart\\resources\\js\\Pages\\Auth\\Login.tsx","statementMap":{"0":{"start":{"line":10,"column":0},"end":{"line":10,"column":24}},"1":{"start":{"line":1,"column":0},"end":{"line":1,"column":45}},"2":{"start":{"line":2,"column":0},"end":{"line":2,"column":49}},"3":{"start":{"line":3,"column":0},"end":{"line":3,"column":49}},"4":{"start":{"line":4,"column":0},"end":{"line":4,"column":55}},"5":{"start":{"line":5,"column":0},"end":{"line":5,"column":47}},"6":{"start":{"line":6,"column":0},"end":{"line":6,"column":48}},"7":{"start":{"line":7,"column":0},"end":{"line":7,"column":55}},"8":{"start":{"line":17,"column":63},"end":{"line":21,"column":6}},"9":{"start":{"line":23,"column":37},"end":{"line":29,"column":5}},"10":{"start":{"line":24,"column":8},"end":{"line":24,"column":27}},"11":{"start":{"line":26,"column":8},"end":{"line":28,"column":11}},"12":{"start":{"line":27,"column":28},"end":{"line":27,"column":45}},"13":{"start":{"line":31,"column":4},"end":{"line":106,"column":6}},"14":{"start":{"line":53,"column":41},"end":{"line":53,"column":73}},"15":{"start":{"line":69,"column":41},"end":{"line":69,"column":76}},"16":{"start":{"line":81,"column":32},"end":{"line":81,"column":69}}},"fnMap":{"0":{"name":"Login","decl":{"start":{"line":10,"column":24},"end":{"line":10,"column":29}},"loc":{"start":{"line":16,"column":1},"end":{"line":107,"column":1}}},"1":{"name":"(anonymous_2)","decl":{"start":{"line":23,"column":37},"end":{"line":23,"column":38}},"loc":{"start":{"line":23,"column":43},"end":{"line":29,"column":5}}},"2":{"name":"(anonymous_3)","decl":{"start":{"line":27,"column":22},"end":{"line":27,"column":25}},"loc":{"start":{"line":27,"column":28},"end":{"line":27,"column":45}}},"3":{"name":"(anonymous_4)","decl":{"start":{"line":53,"column":34},"end":{"line":53,"column":35}},"loc":{"start":{"line":53,"column":41},"end":{"line":53,"column":73}}},"4":{"name":"(anonymous_5)","decl":{"start":{"line":69,"column":34},"end":{"line":69,"column":35}},"loc":{"start":{"line":69,"column":41},"end":{"line":69,"column":76}}},"5":{"name":"(anonymous_6)","decl":{"start":{"line":80,"column":38},"end":{"line":80,"column":39}},"loc":{"start":{"line":81,"column":32},"end":{"line":81,"column":69}}}},"branchMap":{"0":{"loc":{"start":{"line":35,"column":13},"end":{"line":38,"column":null}},"type":"binary-expr","locations":[{"start":{"line":35,"column":13},"end":{"line":35,"column":19}},{"start":{"line":36,"column":16},"end":{"line":37,"column":null}}]},"1":{"loc":{"start":{"line":91,"column":21},"end":{"line":97,"column":null}},"type":"binary-expr","locations":[{"start":{"line":91,"column":21},"end":{"line":91,"column":37}},{"start":{"line":92,"column":24},"end":{"line":94,"column":null}}]}},"s":{"0":0,"1":0,"2":0,"3":0,"4":0,"5":0,"6":0,"7":0,"8":0,"9":0,"10":0,"11":0,"12":0,"13":0,"14":0,"15":0,"16":0},"f":{"0":0,"1":0,"2":0,"3":0,"4":0,"5":0},"b":{"0":[0,0],"1":[0,0]}}
,"C:\\Users\\Jakub\\Desktop\\IT\\workspace\\pie-chart\\resources\\js\\Pages\\Auth\\Register.tsx": {"path":"C:\\Users\\Jakub\\Desktop\\IT\\workspace\\pie-chart\\resources\\js\\Pages\\Auth\\Register.tsx","statementMap":{"0":{"start":{"line":9,"column":0},"end":{"line":9,"column":24}},"1":{"start":{"line":1,"column":0},"end":{"line":1,"column":49}},"2":{"start":{"line":2,"column":0},"end":{"line":2,"column":49}},"3":{"start":{"line":3,"column":0},"end":{"line":3,"column":55}},"4":{"start":{"line":4,"column":0},"end":{"line":4,"column":47}},"5":{"start":{"line":5,"column":0},"end":{"line":5,"column":48}},"6":{"start":{"line":6,"column":0},"end":{"line":6,"column":55}},"7":{"start":{"line":10,"column":63},"end":{"line":15,"column":6}},"8":{"start":{"line":17,"column":37},"end":{"line":23,"column":5}},"9":{"start":{"line":18,"column":8},"end":{"line":18,"column":27}},"10":{"start":{"line":20,"column":8},"end":{"line":22,"column":11}},"11":{"start":{"line":21,"column":28},"end":{"line":21,"column":70}},"12":{"start":{"line":25,"column":4},"end":{"line":120,"column":6}},"13":{"start":{"line":40,"column":41},"end":{"line":40,"column":72}},"14":{"start":{"line":57,"column":41},"end":{"line":57,"column":73}},"15":{"start":{"line":74,"column":41},"end":{"line":74,"column":76}},"16":{"start":{"line":95,"column":28},"end":{"line":95,"column":76}}},"fnMap":{"0":{"name":"Register","decl":{"start":{"line":9,"column":24},"end":{"line":9,"column":32}},"loc":{"start":{"line":9,"column":32},"end":{"line":121,"column":1}}},"1":{"name":"(anonymous_2)","decl":{"start":{"line":17,"column":37},"end":{"line":17,"column":38}},"loc":{"start":{"line":17,"column":43},"end":{"line":23,"column":5}}},"2":{"name":"(anonymous_3)","decl":{"start":{"line":21,"column":22},"end":{"line":21,"column":25}},"loc":{"start":{"line":21,"column":28},"end":{"line":21,"column":70}}},"3":{"name":"(anonymous_4)","decl":{"start":{"line":40,"column":34},"end":{"line":40,"column":35}},"loc":{"start":{"line":40,"column":41},"end":{"line":40,"column":72}}},"4":{"name":"(anonymous_5)","decl":{"start":{"line":57,"column":34},"end":{"line":57,"column":35}},"loc":{"start":{"line":57,"column":41},"end":{"line":57,"column":73}}},"5":{"name":"(anonymous_6)","decl":{"start":{"line":74,"column":34},"end":{"line":74,"column":35}},"loc":{"start":{"line":74,"column":41},"end":{"line":74,"column":76}}},"6":{"name":"(anonymous_7)","decl":{"start":{"line":94,"column":34},"end":{"line":94,"column":35}},"loc":{"start":{"line":95,"column":28},"end":{"line":95,"column":76}}}},"branchMap":{},"s":{"0":0,"1":0,"2":0,"3":0,"4":0,"5":0,"6":0,"7":0,"8":0,"9":0,"10":0,"11":0,"12":0,"13":0,"14":0,"15":0,"16":0},"f":{"0":0,"1":0,"2":0,"3":0,"4":0,"5":0,"6":0},"b":{}}
,"C:\\Users\\Jakub\\Desktop\\IT\\workspace\\pie-chart\\resources\\js\\Pages\\Auth\\ResetPassword.tsx": {"path":"C:\\Users\\Jakub\\Desktop\\IT\\workspace\\pie-chart\\resources\\js\\Pages\\Auth\\ResetPassword.tsx","statementMap":{"0":{"start":{"line":9,"column":0},"end":{"line":9,"column":24}},"1":{"start":{"line":1,"column":0},"end":{"line":1,"column":49}},"2":{"start":{"line":2,"column":0},"end":{"line":2,"column":49}},"3":{"start":{"line":3,"column":0},"end":{"line":3,"column":55}},"4":{"start":{"line":4,"column":0},"end":{"line":4,"column":47}},"5":{"start":{"line":5,"column":0},"end":{"line":5,"column":48}},"6":{"start":{"line":6,"column":0},"end":{"line":6,"column":49}},"7":{"start":{"line":16,"column":63},"end":{"line":21,"column":6}},"8":{"start":{"line":23,"column":37},"end":{"line":29,"column":5}},"9":{"start":{"line":24,"column":8},"end":{"line":24,"column":27}},"10":{"start":{"line":26,"column":8},"end":{"line":28,"column":11}},"11":{"start":{"line":27,"column":28},"end":{"line":27,"column":70}},"12":{"start":{"line":31,"column":4},"end":{"line":99,"column":6}},"13":{"start":{"line":46,"column":41},"end":{"line":46,"column":73}},"14":{"start":{"line":63,"column":41},"end":{"line":63,"column":76}},"15":{"start":{"line":82,"column":28},"end":{"line":82,"column":76}}},"fnMap":{"0":{"name":"ResetPassword","decl":{"start":{"line":9,"column":24},"end":{"line":9,"column":37}},"loc":{"start":{"line":15,"column":1},"end":{"line":100,"column":1}}},"1":{"name":"(anonymous_2)","decl":{"start":{"line":23,"column":37},"end":{"line":23,"column":38}},"loc":{"start":{"line":23,"column":43},"end":{"line":29,"column":5}}},"2":{"name":"(anonymous_3)","decl":{"start":{"line":27,"column":22},"end":{"line":27,"column":25}},"loc":{"start":{"line":27,"column":28},"end":{"line":27,"column":70}}},"3":{"name":"(anonymous_4)","decl":{"start":{"line":46,"column":34},"end":{"line":46,"column":35}},"loc":{"start":{"line":46,"column":41},"end":{"line":46,"column":73}}},"4":{"name":"(anonymous_5)","decl":{"start":{"line":63,"column":34},"end":{"line":63,"column":35}},"loc":{"start":{"line":63,"column":41},"end":{"line":63,"column":76}}},"5":{"name":"(anonymous_6)","decl":{"start":{"line":81,"column":34},"end":{"line":81,"column":35}},"loc":{"start":{"line":82,"column":28},"end":{"line":82,"column":76}}}},"branchMap":{},"s":{"0":0,"1":0,"2":0,"3":0,"4":0,"5":0,"6":0,"7":0,"8":0,"9":0,"10":0,"11":0,"12":0,"13":0,"14":0,"15":0},"f":{"0":0,"1":0,"2":0,"3":0,"4":0,"5":0},"b":{}}
,"C:\\Users\\Jakub\\Desktop\\IT\\workspace\\pie-chart\\resources\\js\\Pages\\Auth\\VerifyEmail.tsx": {"path":"C:\\Users\\Jakub\\Desktop\\IT\\workspace\\pie-chart\\resources\\js\\Pages\\Auth\\VerifyEmail.tsx","statementMap":{"0":{"start":{"line":6,"column":0},"end":{"line":6,"column":24}},"1":{"start":{"line":1,"column":0},"end":{"line":1,"column":55}},"2":{"start":{"line":2,"column":0},"end":{"line":2,"column":48}},"3":{"start":{"line":3,"column":0},"end":{"line":3,"column":55}},"4":{"start":{"line":7,"column":33},"end":{"line":7,"column":44}},"5":{"start":{"line":9,"column":37},"end":{"line":13,"column":5}},"6":{"start":{"line":10,"column":8},"end":{"line":10,"column":27}},"7":{"start":{"line":12,"column":8},"end":{"line":12,"column":41}},"8":{"start":{"line":15,"column":4},"end":{"line":50,"column":6}}},"fnMap":{"0":{"name":"VerifyEmail","decl":{"start":{"line":6,"column":24},"end":{"line":6,"column":35}},"loc":{"start":{"line":6,"column":67},"end":{"line":51,"column":1}}},"1":{"name":"(anonymous_2)","decl":{"start":{"line":9,"column":37},"end":{"line":9,"column":38}},"loc":{"start":{"line":9,"column":43},"end":{"line":13,"column":5}}}},"branchMap":{"0":{"loc":{"start":{"line":26,"column":13},"end":{"line":30,"column":null}},"type":"binary-expr","locations":[{"start":{"line":26,"column":13},"end":{"line":26,"column":48}},{"start":{"line":27,"column":16},"end":{"line":27,"column":null}}]}},"s":{"0":0,"1":0,"2":0,"3":0,"4":0,"5":0,"6":0,"7":0,"8":0},"f":{"0":0,"1":0},"b":{"0":[0,0]}}
,"C:\\Users\\Jakub\\Desktop\\IT\\workspace\\pie-chart\\resources\\js\\Pages\\Profile\\Edit.tsx": {"path":"C:\\Users\\Jakub\\Desktop\\IT\\workspace\\pie-chart\\resources\\js\\Pages\\Profile\\Edit.tsx","statementMap":{"0":{"start":{"line":8,"column":0},"end":{"line":8,"column":24}},"1":{"start":{"line":1,"column":0},"end":{"line":1,"column":64}},"2":{"start":{"line":3,"column":0},"end":{"line":3,"column":40}},"3":{"start":{"line":4,"column":0},"end":{"line":4,"column":55}},"4":{"start":{"line":5,"column":0},"end":{"line":5,"column":63}},"5":{"start":{"line":6,"column":0},"end":{"line":6,"column":83}},"6":{"start":{"line":12,"column":4},"end":{"line":42,"column":6}}},"fnMap":{"0":{"name":"Edit","decl":{"start":{"line":8,"column":24},"end":{"line":8,"column":28}},"loc":{"start":{"line":11,"column":59},"end":{"line":43,"column":1}}}},"branchMap":{},"s":{"0":0,"1":0,"2":0,"3":0,"4":0,"5":0,"6":0},"f":{"0":0},"b":{}}
,"C:\\Users\\Jakub\\Desktop\\IT\\workspace\\pie-chart\\resources\\js\\Pages\\Profile\\Partials\\DeleteUserForm.tsx": {"path":"C:\\Users\\Jakub\\Desktop\\IT\\workspace\\pie-chart\\resources\\js\\Pages\\Profile\\Partials\\DeleteUserForm.tsx","statementMap":{"0":{"start":{"line":10,"column":0},"end":{"line":10,"column":24}},"1":{"start":{"line":1,"column":0},"end":{"line":1,"column":53}},"2":{"start":{"line":2,"column":0},"end":{"line":2,"column":49}},"3":{"start":{"line":3,"column":0},"end":{"line":3,"column":49}},"4":{"start":{"line":4,"column":0},"end":{"line":4,"column":39}},"5":{"start":{"line":5,"column":0},"end":{"line":5,"column":59}},"6":{"start":{"line":6,"column":0},"end":{"line":6,"column":47}},"7":{"start":{"line":7,"column":0},"end":{"line":7,"column":43}},"8":{"start":{"line":8,"column":0},"end":{"line":8,"column":59}},"9":{"start":{"line":15,"column":64},"end":{"line":15,"column":79}},"10":{"start":{"line":16,"column":26},"end":{"line":16,"column":56}},"11":{"start":{"line":26,"column":8},"end":{"line":28,"column":6}},"12":{"start":{"line":30,"column":32},"end":{"line":32,"column":5}},"13":{"start":{"line":31,"column":8},"end":{"line":31,"column":40}},"14":{"start":{"line":34,"column":41},"end":{"line":43,"column":5}},"15":{"start":{"line":35,"column":8},"end":{"line":35,"column":27}},"16":{"start":{"line":37,"column":8},"end":{"line":42,"column":11}},"17":{"start":{"line":39,"column":29},"end":{"line":39,"column":41}},"18":{"start":{"line":40,"column":27},"end":{"line":40,"column":57}},"19":{"start":{"line":41,"column":28},"end":{"line":41,"column":35}},"20":{"start":{"line":45,"column":23},"end":{"line":50,"column":5}},"21":{"start":{"line":46,"column":8},"end":{"line":46,"column":41}},"22":{"start":{"line":48,"column":8},"end":{"line":48,"column":22}},"23":{"start":{"line":49,"column":8},"end":{"line":49,"column":16}},"24":{"start":{"line":52,"column":4},"end":{"line":123,"column":6}},"25":{"start":{"line":98,"column":32},"end":{"line":98,"column":67}}},"fnMap":{"0":{"name":"DeleteUserForm","decl":{"start":{"line":10,"column":24},"end":{"line":10,"column":38}},"loc":{"start":{"line":14,"column":1},"end":{"line":124,"column":1}}},"1":{"name":"(anonymous_2)","decl":{"start":{"line":30,"column":32},"end":{"line":30,"column":35}},"loc":{"start":{"line":30,"column":37},"end":{"line":32,"column":5}}},"2":{"name":"(anonymous_3)","decl":{"start":{"line":34,"column":41},"end":{"line":34,"column":42}},"loc":{"start":{"line":34,"column":47},"end":{"line":43,"column":5}}},"3":{"name":"(anonymous_4)","decl":{"start":{"line":39,"column":23},"end":{"line":39,"column":26}},"loc":{"start":{"line":39,"column":29},"end":{"line":39,"column":41}}},"4":{"name":"(anonymous_5)","decl":{"start":{"line":40,"column":21},"end":{"line":40,"column":24}},"loc":{"start":{"line":40,"column":27},"end":{"line":40,"column":57}}},"5":{"name":"(anonymous_6)","decl":{"start":{"line":41,"column":22},"end":{"line":41,"column":25}},"loc":{"start":{"line":41,"column":28},"end":{"line":41,"column":35}}},"6":{"name":"(anonymous_7)","decl":{"start":{"line":45,"column":23},"end":{"line":45,"column":26}},"loc":{"start":{"line":45,"column":28},"end":{"line":50,"column":5}}},"7":{"name":"(anonymous_8)","decl":{"start":{"line":97,"column":38},"end":{"line":97,"column":39}},"loc":{"start":{"line":98,"column":32},"end":{"line":98,"column":67}}}},"branchMap":{"0":{"loc":{"start":{"line":11,"column":4},"end":{"line":11,"column":18}},"type":"default-arg","locations":[{"start":{"line":11,"column":16},"end":{"line":11,"column":18}}]}},"s":{"0":0,"1":0,"2":0,"3":0,"4":0,"5":0,"6":0,"7":0,"8":0,"9":0,"10":0,"11":0,"12":0,"13":0,"14":0,"15":0,"16":0,"17":0,"18":0,"19":0,"20":0,"21":0,"22":0,"23":0,"24":0,"25":0},"f":{"0":0,"1":0,"2":0,"3":0,"4":0,"5":0,"6":0,"7":0},"b":{"0":[0]}}
,"C:\\Users\\Jakub\\Desktop\\IT\\workspace\\pie-chart\\resources\\js\\Pages\\Profile\\Partials\\UpdatePasswordForm.tsx": {"path":"C:\\Users\\Jakub\\Desktop\\IT\\workspace\\pie-chart\\resources\\js\\Pages\\Profile\\Partials\\UpdatePasswordForm.tsx","statementMap":{"0":{"start":{"line":9,"column":0},"end":{"line":9,"column":24}},"1":{"start":{"line":1,"column":0},"end":{"line":1,"column":49}},"2":{"start":{"line":2,"column":0},"end":{"line":2,"column":49}},"3":{"start":{"line":3,"column":0},"end":{"line":3,"column":55}},"4":{"start":{"line":4,"column":0},"end":{"line":4,"column":47}},"5":{"start":{"line":5,"column":0},"end":{"line":5,"column":47}},"6":{"start":{"line":6,"column":0},"end":{"line":6,"column":43}},"7":{"start":{"line":7,"column":0},"end":{"line":7,"column":49}},"8":{"start":{"line":14,"column":26},"end":{"line":14,"column":56}},"9":{"start":{"line":15,"column":33},"end":{"line":15,"column":63}},"10":{"start":{"line":25,"column":8},"end":{"line":29,"column":6}},"11":{"start":{"line":31,"column":45},"end":{"line":49,"column":5}},"12":{"start":{"line":32,"column":8},"end":{"line":32,"column":27}},"13":{"start":{"line":34,"column":8},"end":{"line":48,"column":11}},"14":{"start":{"line":36,"column":29},"end":{"line":36,"column":36}},"15":{"start":{"line":38,"column":16},"end":{"line":41,"column":17}},"16":{"start":{"line":39,"column":20},"end":{"line":39,"column":63}},"17":{"start":{"line":40,"column":20},"end":{"line":40,"column":51}},"18":{"start":{"line":43,"column":16},"end":{"line":46,"column":17}},"19":{"start":{"line":44,"column":20},"end":{"line":44,"column":46}},"20":{"start":{"line":45,"column":20},"end":{"line":45,"column":58}},"21":{"start":{"line":51,"column":4},"end":{"line":145,"column":6}},"22":{"start":{"line":76,"column":28},"end":{"line":76,"column":71}},"23":{"start":{"line":96,"column":41},"end":{"line":96,"column":76}},"24":{"start":{"line":115,"column":28},"end":{"line":115,"column":76}}},"fnMap":{"0":{"name":"UpdatePasswordForm","decl":{"start":{"line":9,"column":24},"end":{"line":9,"column":42}},"loc":{"start":{"line":13,"column":1},"end":{"line":146,"column":1}}},"1":{"name":"(anonymous_2)","decl":{"start":{"line":31,"column":45},"end":{"line":31,"column":46}},"loc":{"start":{"line":31,"column":51},"end":{"line":49,"column":5}}},"2":{"name":"(anonymous_3)","decl":{"start":{"line":36,"column":23},"end":{"line":36,"column":26}},"loc":{"start":{"line":36,"column":29},"end":{"line":36,"column":36}}},"3":{"name":"(anonymous_4)","decl":{"start":{"line":37,"column":21},"end":{"line":37,"column":22}},"loc":{"start":{"line":37,"column":32},"end":{"line":47,"column":13}}},"4":{"name":"(anonymous_5)","decl":{"start":{"line":75,"column":34},"end":{"line":75,"column":35}},"loc":{"start":{"line":76,"column":28},"end":{"line":76,"column":71}}},"5":{"name":"(anonymous_6)","decl":{"start":{"line":96,"column":34},"end":{"line":96,"column":35}},"loc":{"start":{"line":96,"column":41},"end":{"line":96,"column":76}}},"6":{"name":"(anonymous_7)","decl":{"start":{"line":114,"column":34},"end":{"line":114,"column":35}},"loc":{"start":{"line":115,"column":28},"end":{"line":115,"column":76}}}},"branchMap":{"0":{"loc":{"start":{"line":10,"column":4},"end":{"line":10,"column":18}},"type":"default-arg","locations":[{"start":{"line":10,"column":16},"end":{"line":10,"column":18}}]},"1":{"loc":{"start":{"line":38,"column":16},"end":{"line":41,"column":17}},"type":"if","locations":[{"start":{"line":38,"column":16},"end":{"line":41,"column":17}}]},"2":{"loc":{"start":{"line":43,"column":16},"end":{"line":46,"column":17}},"type":"if","locations":[{"start":{"line":43,"column":16},"end":{"line":46,"column":17}}]}},"s":{"0":0,"1":0,"2":0,"3":0,"4":0,"5":0,"6":0,"7":0,"8":0,"9":0,"10":0,"11":0,"12":0,"13":0,"14":0,"15":0,"16":0,"17":0,"18":0,"19":0,"20":0,"21":0,"22":0,"23":0,"24":0},"f":{"0":0,"1":0,"2":0,"3":0,"4":0,"5":0,"6":0},"b":{"0":[0],"1":[0],"2":[0]}}
,"C:\\Users\\Jakub\\Desktop\\IT\\workspace\\pie-chart\\resources\\js\\Pages\\Profile\\Partials\\UpdateProfileInformationForm.tsx": {"path":"C:\\Users\\Jakub\\Desktop\\IT\\workspace\\pie-chart\\resources\\js\\Pages\\Profile\\Partials\\UpdateProfileInformationForm.tsx","statementMap":{"0":{"start":{"line":9,"column":0},"end":{"line":9,"column":24}},"1":{"start":{"line":1,"column":0},"end":{"line":1,"column":49}},"2":{"start":{"line":2,"column":0},"end":{"line":2,"column":49}},"3":{"start":{"line":3,"column":0},"end":{"line":3,"column":55}},"4":{"start":{"line":4,"column":0},"end":{"line":4,"column":47}},"5":{"start":{"line":5,"column":0},"end":{"line":5,"column":47}},"6":{"start":{"line":6,"column":0},"end":{"line":6,"column":58}},"7":{"start":{"line":18,"column":17},"end":{"line":18,"column":42}},"8":{"start":{"line":21,"column":8},"end":{"line":24,"column":10}},"9":{"start":{"line":26,"column":37},"end":{"line":30,"column":5}},"10":{"start":{"line":27,"column":8},"end":{"line":27,"column":27}},"11":{"start":{"line":29,"column":8},"end":{"line":29,"column":39}},"12":{"start":{"line":32,"column":4},"end":{"line":117,"column":6}},"13":{"start":{"line":52,"column":41},"end":{"line":52,"column":72}},"14":{"start":{"line":69,"column":41},"end":{"line":69,"column":73}}},"fnMap":{"0":{"name":"UpdateProfileInformation","decl":{"start":{"line":9,"column":24},"end":{"line":9,"column":48}},"loc":{"start":{"line":17,"column":1},"end":{"line":118,"column":1}}},"1":{"name":"(anonymous_2)","decl":{"start":{"line":26,"column":37},"end":{"line":26,"column":38}},"loc":{"start":{"line":26,"column":43},"end":{"line":30,"column":5}}},"2":{"name":"(anonymous_3)","decl":{"start":{"line":52,"column":34},"end":{"line":52,"column":35}},"loc":{"start":{"line":52,"column":41},"end":{"line":52,"column":72}}},"3":{"name":"(anonymous_4)","decl":{"start":{"line":69,"column":34},"end":{"line":69,"column":35}},"loc":{"start":{"line":69,"column":41},"end":{"line":69,"column":73}}}},"branchMap":{"0":{"loc":{"start":{"line":12,"column":4},"end":{"line":12,"column":18}},"type":"default-arg","locations":[{"start":{"line":12,"column":16},"end":{"line":12,"column":18}}]},"1":{"loc":{"start":{"line":77,"column":17},"end":{"line":97,"column":null}},"type":"binary-expr","locations":[{"start":{"line":77,"column":17},"end":{"line":77,"column":32}},{"start":{"line":77,"column":36},"end":{"line":77,"column":67}},{"start":{"line":78,"column":20},"end":{"line":96,"column":null}}]},"2":{"loc":{"start":{"line":91,"column":25},"end":{"line":95,"column":null}},"type":"binary-expr","locations":[{"start":{"line":91,"column":25},"end":{"line":91,"column":60}},{"start":{"line":92,"column":28},"end":{"line":92,"column":null}}]}},"s":{"0":0,"1":0,"2":0,"3":0,"4":0,"5":0,"6":0,"7":0,"8":0,"9":0,"10":0,"11":0,"12":0,"13":0,"14":0},"f":{"0":0,"1":0,"2":0,"3":0},"b":{"0":[0],"1":[0,0,0],"2":[0,0]}}
}
