TN:
SF:resources\js\bootstrap.ts
FNF:0
FNH:0
DA:1,0
DA:2,0
DA:4,0
LF:3
LH:0
BRF:0
BRH:0
end_of_record
TN:
SF:resources\js\fileMock.js
FNF:0
FNH:0
DA:1,0
LF:1
LH:0
BRF:0
BRH:0
end_of_record
TN:
SF:resources\js\Components\ApplicationLogo.tsx
FN:3,ApplicationLogo
FNF:1
FNH:0
FNDA:0,ApplicationLogo
DA:3,0
DA:4,0
LF:2
LH:0
BRF:0
BRH:0
end_of_record
TN:
SF:resources\js\Components\Checkbox.tsx
FN:3,Checkbox
FNF:1
FNH:0
FNDA:0,Checkbox
DA:3,0
DA:7,0
LF:2
LH:0
BRDA:4,0,0,0
BRF:1
BRH:0
end_of_record
TN:
SF:resources\js\Components\DangerButton.tsx
FN:3,DangerButton
FNF:1
FNH:0
FNDA:0,DangerButton
DA:3,0
DA:9,0
LF:2
LH:0
BRDA:4,0,0,0
BRDA:14,1,0,0
BRDA:14,1,1,0
BRF:3
BRH:0
end_of_record
TN:
SF:resources\js\Components\Dropdown.tsx
FN:18,(anonymous_0)
FN:19,(anonymous_1)
FN:22,(anonymous_2)
FN:25,(anonymous_3)
FN:26,(anonymous_4)
FN:36,(anonymous_5)
FN:46,(anonymous_6)
FN:53,(anonymous_7)
FN:92,(anonymous_8)
FN:108,(anonymous_9)
FNF:10
FNH:0
FNDA:0,(anonymous_0)
FNDA:0,(anonymous_1)
FNDA:0,(anonymous_2)
FNDA:0,(anonymous_3)
FNDA:0,(anonymous_4)
FNDA:0,(anonymous_5)
FNDA:0,(anonymous_6)
FNDA:0,(anonymous_7)
FNDA:0,(anonymous_8)
FNDA:0,(anonymous_9)
DA:1,0
DA:2,0
DA:3,0
DA:12,0
DA:22,0
DA:23,0
DA:25,0
DA:26,0
DA:29,0
DA:36,0
DA:37,0
DA:39,0
DA:46,0
DA:53,0
DA:63,0
DA:65,0
DA:67,0
DA:68,0
DA:69,0
DA:70,0
DA:73,0
DA:75,0
DA:76,0
DA:79,0
DA:92,0
DA:108,0
DA:113,0
DA:126,0
DA:127,0
DA:128,0
DA:130,0
LF:31
LH:0
BRDA:43,0,0,0
BRDA:43,0,1,0
BRDA:54,1,0,0
BRDA:55,2,0,0
BRDA:56,3,0,0
BRDA:67,4,0,0
BRDA:67,4,1,0
BRDA:69,5,0,0
BRDA:75,6,0,0
BRDA:109,7,0,0
BRF:10
BRH:0
end_of_record
TN:
SF:resources\js\Components\InputError.tsx
FN:3,InputError
FNF:1
FNH:0
FNDA:0,InputError
DA:3,0
DA:8,0
LF:2
LH:0
BRDA:5,0,0,0
BRDA:8,1,0,0
BRDA:8,1,1,0
BRF:3
BRH:0
end_of_record
TN:
SF:resources\js\Components\InputLabel.tsx
FN:3,InputLabel
FNF:1
FNH:0
FNDA:0,InputLabel
DA:3,0
DA:9,0
LF:2
LH:0
BRDA:5,0,0,0
BRDA:17,1,0,0
BRDA:17,1,1,0
BRF:3
BRH:0
end_of_record
TN:
SF:resources\js\Components\Modal.tsx
FN:9,Modal
FN:14,(anonymous_1)
FN:21,(anonymous_2)
FNF:3
FNH:0
FNDA:0,Modal
FNDA:0,(anonymous_1)
FNDA:0,(anonymous_2)
DA:1,0
DA:9,0
DA:21,0
DA:22,0
DA:23,0
DA:27,0
DA:35,0
LF:7
LH:0
BRDA:11,0,0,0
BRDA:12,1,0,0
BRDA:13,2,0,0
BRDA:14,3,0,0
BRDA:22,4,0,0
BRF:5
BRH:0
end_of_record
TN:
SF:resources\js\Components\NavLink.tsx
FN:3,NavLink
FNF:1
FNH:0
FNDA:0,NavLink
DA:1,0
DA:3,0
DA:9,0
LF:3
LH:0
BRDA:4,0,0,0
BRDA:5,1,0,0
BRDA:14,2,0,0
BRDA:14,2,1,0
BRF:4
BRH:0
end_of_record
TN:
SF:resources\js\Components\PrimaryButton.tsx
FN:3,PrimaryButton
FNF:1
FNH:0
FNDA:0,PrimaryButton
DA:3,0
DA:9,0
LF:2
LH:0
BRDA:4,0,0,0
BRDA:14,1,0,0
BRDA:14,1,1,0
BRF:3
BRH:0
end_of_record
TN:
SF:resources\js\Components\ResponsiveNavLink.tsx
FN:3,ResponsiveNavLink
FNF:1
FNH:0
FNDA:0,ResponsiveNavLink
DA:1,0
DA:3,0
DA:9,0
LF:3
LH:0
BRDA:4,0,0,0
BRDA:5,1,0,0
BRDA:13,2,0,0
BRDA:13,2,1,0
BRF:4
BRH:0
end_of_record
TN:
SF:resources\js\Components\SecondaryButton.tsx
FN:3,SecondaryButton
FNF:1
FNH:0
FNDA:0,SecondaryButton
DA:3,0
DA:10,0
LF:2
LH:0
BRDA:4,0,0,0
BRDA:5,1,0,0
BRDA:16,2,0,0
BRDA:16,2,1,0
BRF:4
BRH:0
end_of_record
TN:
SF:resources\js\Components\TextInput.tsx
FN:9,TextInput
FN:20,(anonymous_1)
FN:21,(anonymous_2)
FN:24,(anonymous_3)
FNF:4
FNH:0
FNDA:0,TextInput
FNDA:0,(anonymous_1)
FNDA:0,(anonymous_2)
FNDA:0,(anonymous_3)
DA:1,0
DA:9,0
DA:18,0
DA:20,0
DA:21,0
DA:24,0
DA:25,0
DA:26,0
DA:30,0
LF:9
LH:0
BRDA:11,0,0,0
BRDA:12,1,0,0
BRDA:13,2,0,0
BRDA:25,3,0,0
BRF:4
BRH:0
end_of_record
TN:
SF:resources\js\Layouts\AuthenticatedLayout.tsx
FN:8,Authenticated
FN:86,(anonymous_2)
FN:88,(anonymous_3)
FNF:3
FNH:0
FNDA:0,Authenticated
FNDA:0,(anonymous_2)
FNDA:0,(anonymous_3)
DA:1,0
DA:2,0
DA:3,0
DA:4,0
DA:5,0
DA:6,0
DA:8,0
DA:12,0
DA:15,0
DA:17,0
DA:87,0
DA:88,0
LF:12
LH:0
BRDA:101,0,0,0
BRDA:101,0,1,0
BRDA:112,1,0,0
BRDA:112,1,1,0
BRDA:129,2,0,0
BRDA:129,2,1,0
BRDA:168,3,0,0
BRDA:168,3,1,0
BRF:8
BRH:0
end_of_record
TN:
SF:resources\js\Layouts\GuestLayout.tsx
FN:5,Guest
FNF:1
FNH:0
FNDA:0,Guest
DA:1,0
DA:2,0
DA:5,0
DA:6,0
LF:4
LH:0
BRF:0
BRH:0
end_of_record
TN:
SF:resources\js\Pages\CreateChannel.tsx
FN:13,LabelInput
FN:17,(anonymous_1)
FN:22,CreateChannel
FN:28,handleSubmit
FNF:4
FNH:0
FNDA:0,LabelInput
FNDA:0,(anonymous_1)
FNDA:0,CreateChannel
FNDA:0,handleSubmit
DA:2,0
DA:14,0
DA:17,0
DA:22,0
DA:23,0
DA:29,0
DA:31,0
DA:32,0
DA:35,0
LF:9
LH:0
BRDA:37,0,0,0
BRDA:37,0,1,0
BRF:2
BRH:0
end_of_record
TN:
SF:resources\js\Pages\Dashboard.tsx
FN:5,Dashboard
FNF:1
FNH:0
FNDA:0,Dashboard
DA:1,0
DA:2,0
DA:5,0
DA:6,0
LF:4
LH:0
BRF:0
BRH:0
end_of_record
TN:
SF:resources\js\Pages\Welcome.tsx
FN:4,Welcome
FN:9,(anonymous_1)
FNF:2
FNH:0
FNDA:0,Welcome
FNDA:0,(anonymous_1)
DA:2,0
DA:4,0
DA:9,0
DA:10,0
DA:13,0
DA:14,0
DA:17,0
DA:20,0
LF:8
LH:0
BRDA:46,0,0,0
BRDA:46,0,1,0
BRF:2
BRH:0
end_of_record
TN:
SF:resources\js\Pages\Auth\ConfirmPassword.tsx
FN:9,ConfirmPassword
FN:14,(anonymous_2)
FN:18,(anonymous_3)
FN:42,(anonymous_4)
FNF:4
FNH:0
FNDA:0,ConfirmPassword
FNDA:0,(anonymous_2)
FNDA:0,(anonymous_3)
FNDA:0,(anonymous_4)
DA:1,0
DA:2,0
DA:3,0
DA:4,0
DA:5,0
DA:6,0
DA:9,0
DA:10,0
DA:14,0
DA:15,0
DA:17,0
DA:18,0
DA:22,0
DA:42,0
LF:14
LH:0
BRF:0
BRH:0
end_of_record
TN:
SF:resources\js\Pages\Auth\ForgotPassword.tsx
FN:8,ForgotPassword
FN:13,(anonymous_2)
FN:43,(anonymous_3)
FNF:3
FNH:0
FNDA:0,ForgotPassword
FNDA:0,(anonymous_2)
FNDA:0,(anonymous_3)
DA:1,0
DA:2,0
DA:3,0
DA:4,0
DA:5,0
DA:8,0
DA:9,0
DA:13,0
DA:14,0
DA:16,0
DA:19,0
DA:43,0
LF:12
LH:0
BRDA:29,0,0,0
BRDA:29,0,1,0
BRF:2
BRH:0
end_of_record
TN:
SF:resources\js\Pages\Auth\Login.tsx
FN:10,Login
FN:23,(anonymous_2)
FN:27,(anonymous_3)
FN:53,(anonymous_4)
FN:69,(anonymous_5)
FN:80,(anonymous_6)
FNF:6
FNH:0
FNDA:0,Login
FNDA:0,(anonymous_2)
FNDA:0,(anonymous_3)
FNDA:0,(anonymous_4)
FNDA:0,(anonymous_5)
FNDA:0,(anonymous_6)
DA:1,0
DA:2,0
DA:3,0
DA:4,0
DA:5,0
DA:6,0
DA:7,0
DA:10,0
DA:17,0
DA:23,0
DA:24,0
DA:26,0
DA:27,0
DA:31,0
DA:53,0
DA:69,0
DA:81,0
LF:17
LH:0
BRDA:35,0,0,0
BRDA:35,0,1,0
BRDA:91,1,0,0
BRDA:91,1,1,0
BRF:4
BRH:0
end_of_record
TN:
SF:resources\js\Pages\Auth\Register.tsx
FN:9,Register
FN:17,(anonymous_2)
FN:21,(anonymous_3)
FN:40,(anonymous_4)
FN:57,(anonymous_5)
FN:74,(anonymous_6)
FN:94,(anonymous_7)
FNF:7
FNH:0
FNDA:0,Register
FNDA:0,(anonymous_2)
FNDA:0,(anonymous_3)
FNDA:0,(anonymous_4)
FNDA:0,(anonymous_5)
FNDA:0,(anonymous_6)
FNDA:0,(anonymous_7)
DA:1,0
DA:2,0
DA:3,0
DA:4,0
DA:5,0
DA:6,0
DA:9,0
DA:10,0
DA:17,0
DA:18,0
DA:20,0
DA:21,0
DA:25,0
DA:40,0
DA:57,0
DA:74,0
DA:95,0
LF:17
LH:0
BRF:0
BRH:0
end_of_record
TN:
SF:resources\js\Pages\Auth\ResetPassword.tsx
FN:9,ResetPassword
FN:23,(anonymous_2)
FN:27,(anonymous_3)
FN:46,(anonymous_4)
FN:63,(anonymous_5)
FN:81,(anonymous_6)
FNF:6
FNH:0
FNDA:0,ResetPassword
FNDA:0,(anonymous_2)
FNDA:0,(anonymous_3)
FNDA:0,(anonymous_4)
FNDA:0,(anonymous_5)
FNDA:0,(anonymous_6)
DA:1,0
DA:2,0
DA:3,0
DA:4,0
DA:5,0
DA:6,0
DA:9,0
DA:16,0
DA:23,0
DA:24,0
DA:26,0
DA:27,0
DA:31,0
DA:46,0
DA:63,0
DA:82,0
LF:16
LH:0
BRF:0
BRH:0
end_of_record
TN:
SF:resources\js\Pages\Auth\VerifyEmail.tsx
FN:6,VerifyEmail
FN:9,(anonymous_2)
FNF:2
FNH:0
FNDA:0,VerifyEmail
FNDA:0,(anonymous_2)
DA:1,0
DA:2,0
DA:3,0
DA:6,0
DA:7,0
DA:9,0
DA:10,0
DA:12,0
DA:15,0
LF:9
LH:0
BRDA:26,0,0,0
BRDA:26,0,1,0
BRF:2
BRH:0
end_of_record
TN:
SF:resources\js\Pages\Profile\Edit.tsx
FN:8,Edit
FNF:1
FNH:0
FNDA:0,Edit
DA:1,0
DA:3,0
DA:4,0
DA:5,0
DA:6,0
DA:8,0
DA:12,0
LF:7
LH:0
BRF:0
BRH:0
end_of_record
TN:
SF:resources\js\Pages\Profile\Partials\DeleteUserForm.tsx
FN:10,DeleteUserForm
FN:30,(anonymous_2)
FN:34,(anonymous_3)
FN:39,(anonymous_4)
FN:40,(anonymous_5)
FN:41,(anonymous_6)
FN:45,(anonymous_7)
FN:97,(anonymous_8)
FNF:8
FNH:0
FNDA:0,DeleteUserForm
FNDA:0,(anonymous_2)
FNDA:0,(anonymous_3)
FNDA:0,(anonymous_4)
FNDA:0,(anonymous_5)
FNDA:0,(anonymous_6)
FNDA:0,(anonymous_7)
FNDA:0,(anonymous_8)
DA:1,0
DA:2,0
DA:3,0
DA:4,0
DA:5,0
DA:6,0
DA:7,0
DA:8,0
DA:10,0
DA:15,0
DA:16,0
DA:26,0
DA:30,0
DA:31,0
DA:34,0
DA:35,0
DA:37,0
DA:39,0
DA:40,0
DA:41,0
DA:45,0
DA:46,0
DA:48,0
DA:49,0
DA:52,0
DA:98,0
LF:26
LH:0
BRDA:11,0,0,0
BRF:1
BRH:0
end_of_record
TN:
SF:resources\js\Pages\Profile\Partials\UpdatePasswordForm.tsx
FN:9,UpdatePasswordForm
FN:31,(anonymous_2)
FN:36,(anonymous_3)
FN:37,(anonymous_4)
FN:75,(anonymous_5)
FN:96,(anonymous_6)
FN:114,(anonymous_7)
FNF:7
FNH:0
FNDA:0,UpdatePasswordForm
FNDA:0,(anonymous_2)
FNDA:0,(anonymous_3)
FNDA:0,(anonymous_4)
FNDA:0,(anonymous_5)
FNDA:0,(anonymous_6)
FNDA:0,(anonymous_7)
DA:1,0
DA:2,0
DA:3,0
DA:4,0
DA:5,0
DA:6,0
DA:7,0
DA:9,0
DA:14,0
DA:15,0
DA:25,0
DA:31,0
DA:32,0
DA:34,0
DA:36,0
DA:38,0
DA:39,0
DA:40,0
DA:43,0
DA:44,0
DA:45,0
DA:51,0
DA:76,0
DA:96,0
DA:115,0
LF:25
LH:0
BRDA:10,0,0,0
BRDA:38,1,0,0
BRDA:43,2,0,0
BRF:3
BRH:0
end_of_record
TN:
SF:resources\js\Pages\Profile\Partials\UpdateProfileInformationForm.tsx
FN:9,UpdateProfileInformation
FN:26,(anonymous_2)
FN:52,(anonymous_3)
FN:69,(anonymous_4)
FNF:4
FNH:0
FNDA:0,UpdateProfileInformation
FNDA:0,(anonymous_2)
FNDA:0,(anonymous_3)
FNDA:0,(anonymous_4)
DA:1,0
DA:2,0
DA:3,0
DA:4,0
DA:5,0
DA:6,0
DA:9,0
DA:18,0
DA:21,0
DA:26,0
DA:27,0
DA:29,0
DA:32,0
DA:52,0
DA:69,0
LF:15
LH:0
BRDA:12,0,0,0
BRDA:77,1,0,0
BRDA:77,1,1,0
BRDA:77,1,2,0
BRDA:91,2,0,0
BRDA:91,2,1,0
BRF:6
BRH:0
end_of_record
